[0m14:40:01.430951 [debug] [MainThread]: Sending event: {'category': 'dbt', 'action': 'invocation', 'label': 'start', 'context': [<snowplow_tracker.self_describing_json.SelfDescribingJson object at 0x108d29bb0>, <snowplow_tracker.self_describing_json.SelfDescribingJson object at 0x108d2bfe0>, <snowplow_tracker.self_describing_json.SelfDescribingJson object at 0x108d2bd70>]}


============================== 14:40:01.433510 | 08298e21-5932-4a00-b841-a4b5b314f955 ==============================
[0m14:40:01.433510 [info ] [MainThread]: Running with dbt=1.7.9
[0m14:40:01.433803 [debug] [MainThread]: running dbt with arguments {'printer_width': '80', 'indirect_selection': 'eager', 'log_cache_events': 'False', 'write_json': 'True', 'partial_parse': 'True', 'cache_selected_only': 'False', 'profiles_dir': '/Users/nataliehuang/.dbt', 'fail_fast': 'False', 'warn_error': 'None', 'log_path': 'logs', 'version_check': 'True', 'debug': 'False', 'use_colors': 'True', 'use_experimental_parser': 'False', 'no_print': 'None', 'quiet': 'False', 'warn_error_options': 'WarnErrorOptions(include=[], exclude=[])', 'introspect': 'True', 'static_parser': 'True', 'invocation_command': 'dbt init', 'target_path': 'None', 'log_format': 'default', 'send_anonymous_usage_stats': 'True'}
[0m14:40:01.434084 [warn ] [MainThread]: [ConfigFolderDirectory]: Unable to parse dict {'dir': PosixPath('/Users/nataliehuang/.dbt')}
[0m14:40:01.434236 [info ] [MainThread]: Creating dbt configuration folder at 
[0m14:40:21.686557 [debug] [MainThread]: Starter project path: /Library/Frameworks/Python.framework/Versions/3.12/lib/python3.12/site-packages/dbt/include/starter_project
[0m14:40:21.698038 [info ] [MainThread]: 
Your new dbt project "UnitF" was created!

For more information on how to configure the profiles.yml file,
please consult the dbt documentation here:

  https://docs.getdbt.com/docs/configure-your-profile

One more thing:

Need help? Don't hesitate to reach out to us via GitHub issues or on Slack:

  https://community.getdbt.com/

Happy modeling!

[0m14:40:21.698628 [info ] [MainThread]: Setting up your profile.
[0m14:43:01.230392 [info ] [MainThread]: Profile UnitF written to /Users/nataliehuang/.dbt/profiles.yml using target's profile_template.yml and your supplied values. Run 'dbt debug' to validate the connection.
[0m14:43:01.282752 [debug] [MainThread]: Resource report: {"command_name": "init", "command_success": true, "command_wall_clock_time": 179.8651, "process_user_time": 0.860062, "process_kernel_time": 0.154288, "process_mem_max_rss": "109379584", "process_in_blocks": "0", "process_out_blocks": "0"}
[0m14:43:01.284074 [debug] [MainThread]: Command `dbt init` succeeded at 14:43:01.283812 after 179.87 seconds
[0m14:43:01.285086 [debug] [MainThread]: Sending event: {'category': 'dbt', 'action': 'invocation', 'label': 'end', 'context': [<snowplow_tracker.self_describing_json.SelfDescribingJson object at 0x104b79760>, <snowplow_tracker.self_describing_json.SelfDescribingJson object at 0x10906cfb0>, <snowplow_tracker.self_describing_json.SelfDescribingJson object at 0x108834b60>]}
[0m14:43:01.286030 [debug] [MainThread]: Flushing usage events
